<?xml version="1.0" encoding="UTF-8"?>
<testng-results skipped="0" failed="1" ignored="0" total="2" passed="1">
  <reporter-output>
  </reporter-output>
  <suite name="Default suite" duration-ms="154761" started-at="2020-07-17T18:20:43 IST" finished-at="2020-07-17T18:23:18 IST">
    <groups>
    </groups>
    <test name="Default test" duration-ms="154761" started-at="2020-07-17T18:20:43 IST" finished-at="2020-07-17T18:23:18 IST">
      <class name="com.ebay.pom.Gmail">
        <test-method status="PASS" signature="launch()[pri:0, instance:com.ebay.pom.Gmail@eafc191]" name="launch" is-config="true" duration-ms="7445" started-at="2020-07-17T18:20:35 IST" finished-at="2020-07-17T18:20:43 IST">
          <reporter-output>
          </reporter-output>
        </test-method> <!-- launch -->
        <test-method status="PASS" signature="Launch()[pri:0, instance:com.ebay.pom.Gmail@eafc191]" name="Launch" is-config="true" duration-ms="48" started-at="2020-07-17T18:20:43 IST" finished-at="2020-07-17T18:20:43 IST">
          <reporter-output>
          </reporter-output>
        </test-method> <!-- Launch -->
        <test-method status="PASS" signature="launchBrowser()[pri:0, instance:com.ebay.pom.Gmail@eafc191]" name="launchBrowser" is-config="true" duration-ms="63548" started-at="2020-07-17T18:20:43 IST" finished-at="2020-07-17T18:21:47 IST">
          <reporter-output>
          </reporter-output>
        </test-method> <!-- launchBrowser -->
        <test-method status="PASS" signature="Test1(java.lang.String, java.lang.String, java.lang.String, java.lang.String, java.lang.String, java.lang.String, java.lang.String)[pri:0, instance:com.ebay.pom.Gmail@eafc191]" name="Test1" duration-ms="13867" started-at="2020-07-17T18:21:47 IST" data-provider="data" finished-at="2020-07-17T18:22:00 IST">
          <params>
            <param index="0">
              <value>
                <![CDATA[abc098]]>
              </value>
            </param>
            <param index="1">
              <value>
                <![CDATA[xyz]]>
              </value>
            </param>
            <param index="2">
              <value>
                <![CDATA[ar123ar1245]]>
              </value>
            </param>
            <param index="3">
              <value>
                <![CDATA[abc123xyz]]>
              </value>
            </param>
            <param index="4">
              <value>
                <![CDATA[abc123xyz]]>
              </value>
            </param>
            <param index="5">
              <value>
                <![CDATA[testdata1]]>
              </value>
            </param>
            <param index="6">
              <value>
                <![CDATA[8072993634]]>
              </value>
            </param>
          </params>
          <reporter-output>
          </reporter-output>
        </test-method> <!-- Test1 -->
        <test-method status="PASS" signature="closeBr()[pri:0, instance:com.ebay.pom.Gmail@eafc191]" name="closeBr" is-config="true" duration-ms="5" started-at="2020-07-17T18:22:00 IST" finished-at="2020-07-17T18:22:00 IST">
          <reporter-output>
          </reporter-output>
        </test-method> <!-- closeBr -->
        <test-method status="PASS" signature="launchBrowser()[pri:0, instance:com.ebay.pom.Gmail@eafc191]" name="launchBrowser" is-config="true" duration-ms="56737" started-at="2020-07-17T18:22:00 IST" finished-at="2020-07-17T18:22:57 IST">
          <reporter-output>
          </reporter-output>
        </test-method> <!-- launchBrowser -->
        <test-method status="FAIL" signature="Test1(java.lang.String, java.lang.String, java.lang.String, java.lang.String, java.lang.String, java.lang.String, java.lang.String)[pri:0, instance:com.ebay.pom.Gmail@eafc191]" name="Test1" duration-ms="20406" started-at="2020-07-17T18:22:57 IST" data-provider="data" finished-at="2020-07-17T18:23:18 IST">
          <params>
            <param index="0">
              <value>
                <![CDATA[abc1209]]>
              </value>
            </param>
            <param index="1">
              <value>
                <![CDATA[xyz]]>
              </value>
            </param>
            <param index="2">
              <value>
                <![CDATA[ar123ar112456]]>
              </value>
            </param>
            <param index="3">
              <value>
                <![CDATA[abc12xyz]]>
              </value>
            </param>
            <param index="4">
              <value>
                <![CDATA[abc123xyz]]>
              </value>
            </param>
            <param index="5">
              <value>
                <![CDATA[testdata2]]>
              </value>
            </param>
            <param index="6">
              <value>
                <![CDATA[1234567890]]>
              </value>
            </param>
          </params>
          <exception class="org.openqa.selenium.NoSuchWindowException">
            <message>
              <![CDATA[no such window: target window already closed
from unknown error: web view not found
  (Session info: chrome=83.0.4103.116)
Build info: version: '3.141.59', revision: 'e82be7d358', time: '2018-11-14T08:17:03'
System info: host: 'DESKTOP-HT1QORH', ip: '192.168.43.2', os.name: 'Windows 10', os.arch: 'amd64', os.version: '10.0', java.version: '1.8.0_251'
Driver info: org.openqa.selenium.chrome.ChromeDriver
Capabilities {acceptInsecureCerts: false, browserName: chrome, browserVersion: 83.0.4103.116, chrome: {chromedriverVersion: 83.0.4103.39 (ccbf011cb2d2b..., userDataDir: C:\Users\ARUNSA~1\AppData\L...}, goog:chromeOptions: {debuggerAddress: localhost:50634}, javascriptEnabled: true, networkConnectionEnabled: false, pageLoadStrategy: normal, platform: WINDOWS, platformName: WINDOWS, proxy: Proxy(), setWindowRect: true, strictFileInteractability: false, timeouts: {implicit: 0, pageLoad: 300000, script: 30000}, unhandledPromptBehavior: dismiss and notify, webauthn:virtualAuthenticators: true}
Session ID: 71451fecb671cf5c2e758aa10a399d3a
*** Element info: {Using=xpath, value=//a[@class='h-c-button h-c-header__cta-li-link h-c-header__cta-li-link--primary' and @ga-event-action='create account']}]]>
            </message>
            <full-stacktrace>
              <![CDATA[org.openqa.selenium.NoSuchWindowException: no such window: target window already closed
from unknown error: web view not found
  (Session info: chrome=83.0.4103.116)
Build info: version: '3.141.59', revision: 'e82be7d358', time: '2018-11-14T08:17:03'
System info: host: 'DESKTOP-HT1QORH', ip: '192.168.43.2', os.name: 'Windows 10', os.arch: 'amd64', os.version: '10.0', java.version: '1.8.0_251'
Driver info: org.openqa.selenium.chrome.ChromeDriver
Capabilities {acceptInsecureCerts: false, browserName: chrome, browserVersion: 83.0.4103.116, chrome: {chromedriverVersion: 83.0.4103.39 (ccbf011cb2d2b..., userDataDir: C:\Users\ARUNSA~1\AppData\L...}, goog:chromeOptions: {debuggerAddress: localhost:50634}, javascriptEnabled: true, networkConnectionEnabled: false, pageLoadStrategy: normal, platform: WINDOWS, platformName: WINDOWS, proxy: Proxy(), setWindowRect: true, strictFileInteractability: false, timeouts: {implicit: 0, pageLoad: 300000, script: 30000}, unhandledPromptBehavior: dismiss and notify, webauthn:virtualAuthenticators: true}
Session ID: 71451fecb671cf5c2e758aa10a399d3a
*** Element info: {Using=xpath, value=//a[@class='h-c-button h-c-header__cta-li-link h-c-header__cta-li-link--primary' and @ga-event-action='create account']}
at sun.reflect.GeneratedConstructorAccessor13.newInstance(Unknown Source)
at sun.reflect.DelegatingConstructorAccessorImpl.newInstance(DelegatingConstructorAccessorImpl.java:45)
at java.lang.reflect.Constructor.newInstance(Constructor.java:423)
at org.openqa.selenium.remote.http.W3CHttpResponseCodec.createException(W3CHttpResponseCodec.java:187)
at org.openqa.selenium.remote.http.W3CHttpResponseCodec.decode(W3CHttpResponseCodec.java:122)
at org.openqa.selenium.remote.http.W3CHttpResponseCodec.decode(W3CHttpResponseCodec.java:49)
at org.openqa.selenium.remote.HttpCommandExecutor.execute(HttpCommandExecutor.java:158)
at org.openqa.selenium.remote.service.DriverCommandExecutor.execute(DriverCommandExecutor.java:83)
at org.openqa.selenium.remote.RemoteWebDriver.execute(RemoteWebDriver.java:552)
at org.openqa.selenium.remote.RemoteWebDriver.findElement(RemoteWebDriver.java:323)
at org.openqa.selenium.remote.RemoteWebDriver.findElementByXPath(RemoteWebDriver.java:428)
at org.openqa.selenium.By$ByXPath.findElement(By.java:353)
at org.openqa.selenium.remote.RemoteWebDriver.findElement(RemoteWebDriver.java:315)
at org.openqa.selenium.support.pagefactory.DefaultElementLocator.findElement(DefaultElementLocator.java:69)
at org.openqa.selenium.support.pagefactory.internal.LocatingElementHandler.invoke(LocatingElementHandler.java:38)
at com.sun.proxy.$Proxy13.toString(Unknown Source)
at java.lang.String.valueOf(String.java:2994)
at java.lang.StringBuilder.append(StringBuilder.java:131)
at org.openqa.selenium.support.ui.ExpectedConditions$10.toString(ExpectedConditions.java:305)
at java.lang.String.valueOf(String.java:2994)
at java.lang.StringBuilder.append(StringBuilder.java:131)
at org.openqa.selenium.support.ui.FluentWait.until(FluentWait.java:268)
at com.ebay.pom.Gmail.Test1(Gmail.java:65)
at sun.reflect.NativeMethodAccessorImpl.invoke0(Native Method)
at sun.reflect.NativeMethodAccessorImpl.invoke(NativeMethodAccessorImpl.java:62)
at sun.reflect.DelegatingMethodAccessorImpl.invoke(DelegatingMethodAccessorImpl.java:43)
at java.lang.reflect.Method.invoke(Method.java:498)
at org.testng.internal.MethodInvocationHelper.invokeMethod(MethodInvocationHelper.java:135)
at org.testng.internal.TestInvoker.invokeMethod(TestInvoker.java:598)
at org.testng.internal.TestInvoker.invokeTestMethod(TestInvoker.java:174)
at org.testng.internal.MethodRunner.runInSequence(MethodRunner.java:46)
at org.testng.internal.TestInvoker$MethodInvocationAgent.invoke(TestInvoker.java:821)
at org.testng.internal.TestInvoker.invokeTestMethods(TestInvoker.java:147)
at org.testng.internal.TestMethodWorker.invokeTestMethods(TestMethodWorker.java:146)
at org.testng.internal.TestMethodWorker.run(TestMethodWorker.java:128)
at java.util.ArrayList.forEach(ArrayList.java:1257)
at org.testng.TestRunner.privateRun(TestRunner.java:767)
at org.testng.TestRunner.run(TestRunner.java:588)
at org.testng.SuiteRunner.runTest(SuiteRunner.java:384)
at org.testng.SuiteRunner.runSequentially(SuiteRunner.java:378)
at org.testng.SuiteRunner.privateRun(SuiteRunner.java:337)
at org.testng.SuiteRunner.run(SuiteRunner.java:286)
at org.testng.SuiteRunnerWorker.runSuite(SuiteRunnerWorker.java:53)
at org.testng.SuiteRunnerWorker.run(SuiteRunnerWorker.java:96)
at org.testng.TestNG.runSuitesSequentially(TestNG.java:1214)
at org.testng.TestNG.runSuitesLocally(TestNG.java:1136)
at org.testng.TestNG.runSuites(TestNG.java:1066)
at org.testng.TestNG.run(TestNG.java:1034)
at org.testng.remote.AbstractRemoteTestNG.run(AbstractRemoteTestNG.java:115)
at org.testng.remote.RemoteTestNG.initAndRun(RemoteTestNG.java:251)
at org.testng.remote.RemoteTestNG.main(RemoteTestNG.java:77)
]]>
            </full-stacktrace>
          </exception> <!-- org.openqa.selenium.NoSuchWindowException -->
          <reporter-output>
          </reporter-output>
        </test-method> <!-- Test1 -->
        <test-method status="PASS" signature="closeBr()[pri:0, instance:com.ebay.pom.Gmail@eafc191]" name="closeBr" is-config="true" duration-ms="1" started-at="2020-07-17T18:23:18 IST" finished-at="2020-07-17T18:23:18 IST">
          <reporter-output>
          </reporter-output>
        </test-method> <!-- closeBr -->
        <test-method status="PASS" signature="close()[pri:0, instance:com.ebay.pom.Gmail@eafc191]" name="close" is-config="true" duration-ms="0" started-at="2020-07-17T18:23:18 IST" finished-at="2020-07-17T18:23:18 IST">
          <reporter-output>
          </reporter-output>
        </test-method> <!-- close -->
      </class> <!-- com.ebay.pom.Gmail -->
    </test> <!-- Default test -->
  </suite> <!-- Default suite -->
</testng-results>
